{
  message: 'Зашли на страницу',
  level: 'info',
  timestamp: '2024-02-11T17:47:16.988Z'
}
{
  message: 'Зашли на страницу',
  level: 'info',
  timestamp: '2024-02-11T17:47:17.034Z'
}
{
  message: 'Зашли на страницу',
  level: 'info',
  timestamp: '2024-02-11T17:47:38.846Z'
}
{
  message: 'Зашли на страницу',
  level: 'info',
  timestamp: '2024-02-11T17:47:38.901Z'
}
{
  message: 'Зашли на страницу',
  level: 'info',
  timestamp: '2024-02-11T17:49:08.708Z'
}
{
  message: 'Зашли на страницу',
  level: 'info',
  timestamp: '2024-02-11T17:49:08.765Z'
}
{
  message: 'Зашли на страницу',
  level: 'info',
  timestamp: '2024-02-11T17:49:49.161Z'
}
{
  message: 'Зашли на страницу',
  level: 'info',
  timestamp: '2024-02-11T17:49:49.208Z'
}
{
  message: 'Зашли на страницу',
  level: 'info',
  timestamp: '2024-02-11T17:49:56.880Z'
}
{
  message: 'Зашли на страницу',
  level: 'info',
  timestamp: '2024-02-11T17:49:56.909Z'
}
{
  message: 'Зашли на страницу',
  level: 'info',
  timestamp: '2024-02-11T17:50:07.230Z'
}
{
  message: 'Зашли на страницу',
  level: 'info',
  timestamp: '2024-02-11T17:50:07.264Z'
}
{
  message: 'Зашли на страницу',
  level: 'info',
  timestamp: '2024-02-11T18:17:24.969Z'
}
{
  message: 'Зашли на страницу',
  level: 'info',
  timestamp: '2024-02-11T18:17:25.103Z'
}
{
  message: 'Зашли на страницу',
  level: 'info',
  timestamp: '2024-02-11T18:17:25.776Z'
}
{
  message: 'Зашли на страницу',
  level: 'info',
  timestamp: '2024-02-11T18:24:38.941Z'
}
{
  message: 'Зашли на страницу',
  level: 'info',
  timestamp: '2024-02-11T18:24:38.985Z'
}
{
  message: 'Зашли на страницу',
  level: 'info',
  timestamp: '2024-02-11T18:24:39.606Z'
}
{
  message: 'Зашли на страницу',
  level: 'info',
  timestamp: '2024-02-11T18:44:19.704Z'
}
{
  message: 'Зашли на страницу',
  level: 'info',
  timestamp: '2024-02-11T18:44:19.753Z'
}
{
  message: 'Зашли на страницу',
  level: 'info',
  timestamp: '2024-02-11T18:44:20.371Z'
}
{
  message: 'Зашли на страницу',
  level: 'info',
  timestamp: '2024-02-11T18:46:02.303Z'
}
{
  message: 'Зашли на страницу',
  level: 'info',
  timestamp: '2024-02-11T18:46:02.344Z'
}
{
  message: 'Зашли на страницу',
  level: 'info',
  timestamp: '2024-02-11T18:46:03.005Z'
}
{
  message: 'Зашли на страницу',
  level: 'info',
  timestamp: '2024-02-11T18:46:18.024Z'
}
{
  message: 'Зашли на страницу',
  level: 'info',
  timestamp: '2024-02-11T18:46:18.071Z'
}
{
  message: 'Зашли на страницу',
  level: 'info',
  timestamp: '2024-02-11T18:46:18.110Z'
}
{
  message: 'Зашли на страницу',
  level: 'info',
  timestamp: '2024-02-12T06:08:26.931Z'
}
{
  message: 'Зашли на страницу',
  level: 'info',
  timestamp: '2024-02-12T06:08:27.064Z'
}
{
  message: 'Зашли на страницу',
  level: 'info',
  timestamp: '2024-02-12T06:08:27.236Z'
}
{
  message: 'Зашли на страницу',
  level: 'info',
  timestamp: '2024-02-12T06:13:13.961Z'
}
{
  message: 'Зашли на страницу',
  level: 'info',
  timestamp: '2024-02-12T06:13:14.028Z'
}
{
  message: 'Зашли на страницу',
  level: 'info',
  timestamp: '2024-02-12T06:13:14.234Z'
}
{
  message: 'Сервер запущен на порту 3000',
  level: 'info',
  timestamp: '2024-02-12T07:03:07.839Z'
}
{
  message: 'Сервер запущен на порту 3000',
  level: 'info',
  timestamp: '2024-02-12T07:03:44.952Z'
}
{
  message: 'Сервер запущен на порту 3000',
  level: 'info',
  timestamp: '2024-02-12T07:04:00.477Z'
}
{
  message: 'Сервер запущен на порту 3000',
  level: 'info',
  timestamp: '2024-02-12T07:07:38.084Z'
}
{
  message: 'Сервер запущен на порту 3000',
  level: 'info',
  timestamp: '2024-02-12T07:08:07.447Z'
}
{
  message: 'Сервер запущен на порту 3000',
  level: 'info',
  timestamp: '2024-02-12T07:08:30.959Z'
}
{
  message: 'Сервер запущен на порту 3000',
  level: 'info',
  timestamp: '2024-02-12T07:11:27.601Z'
}
{
  message: 'Сервер запущен на порту 3000',
  level: 'info',
  timestamp: '2024-02-12T07:11:54.957Z'
}
